  main.cpp
     Создается библиотека C:/Users/wetermelonnnnn/DumpSource2/build/src/main/Release/DumpSource2-DOTA.lib и объект C:/Users/wetermelonnnnn/DumpSource2/build/src/main/Release/DumpSource2-DOTA.exp
LINK : warning LNK4098: библиотека по умолчанию "LIBCMTD" конфликтует с использованием других библиотек; используйте /NODEFAULTLIB:library
LINK : warning LNK4217: Символ "V_tier0_strlen", определенный в "common.obj", импортирован "appframework.obj" в функции ""void __cdecl CvarTypeTrait_CopyFn<class CUtlString>(union CVValue_t *,union CVValue_t const &)" (??$CvarTypeTrait_CopyFn@VCUtlString@@@@YAXPEATCVValue_t@@AEBT0@@Z)".
LINK : warning LNK4286: Символ "V_tier0_strlen", определенный в "common.obj", импортирован "concommands.obj".
LINK : warning LNK4286: Символ "V_tier0_strlen", определенный в "common.obj", импортирован "HL2SDK-CS2.lib(convar.obj)".
LINK : warning LNK4217: Символ "V_StringToBool", определенный в "common.obj", импортирован "appframework.obj" в функции ""bool __cdecl CvarTypeTrait_StringToValueFn<bool>(char const *,union CVValue_t *)" (??$CvarTypeTrait_StringToValueFn@_N@@YA_NPEBDPEATCVValue_t@@@Z)".
LINK : warning LNK4286: Символ "V_StringToBool", определенный в "common.obj", импортирован "concommands.obj".
LINK : warning LNK4286: Символ "V_StringToBool", определенный в "common.obj", импортирован "HL2SDK-CS2.lib(convar.obj)".
LINK : warning LNK4217: Символ "V_StringToVector", определенный в "common.obj", импортирован "appframework.obj" в функции ""bool __cdecl CvarTypeTrait_StringToValueFn<class Vector>(char const *,union CVValue_t *)" (??$CvarTypeTrait_StringToValueFn@VVector@@@@YA_NPEBDPEATCVValue_t@@@Z)".
LINK : warning LNK4286: Символ "V_StringToVector", определенный в "common.obj", импортирован "concommands.obj".
LINK : warning LNK4286: Символ "V_StringToVector", определенный в "common.obj", импортирован "HL2SDK-CS2.lib(convar.obj)".
LINK : warning LNK4217: Символ "V_StringToVector2D", определенный в "common.obj", импортирован "appframework.obj" в функции ""bool __cdecl CvarTypeTrait_StringToValueFn<class Vector2D>(char const *,union CVValue_t *)" (??$CvarTypeTrait_StringToValueFn@VVector2D@@@@YA_NPEBDPEATCVValue_t@@@Z)".
LINK : warning LNK4286: Символ "V_StringToVector2D", определенный в "common.obj", импортирован "concommands.obj".
LINK : warning LNK4286: Символ "V_StringToVector2D", определенный в "common.obj", импортирован "HL2SDK-CS2.lib(convar.obj)".
LINK : warning LNK4217: Символ "V_StringToVector4D", определенный в "common.obj", импортирован "appframework.obj" в функции ""bool __cdecl CvarTypeTrait_StringToValueFn<class Vector4D>(char const *,union CVValue_t *)" (??$CvarTypeTrait_StringToValueFn@VVector4D@@@@YA_NPEBDPEATCVValue_t@@@Z)".
LINK : warning LNK4286: Символ "V_StringToVector4D", определенный в "common.obj", импортирован "concommands.obj".
LINK : warning LNK4286: Символ "V_StringToVector4D", определенный в "common.obj", импортирован "HL2SDK-CS2.lib(convar.obj)".
LINK : warning LNK4217: Символ "V_StringToColor", определенный в "common.obj", импортирован "appframework.obj" в функции ""bool __cdecl CvarTypeTrait_StringToValueFn<class Color>(char const *,union CVValue_t *)" (??$CvarTypeTrait_StringToValueFn@VColor@@@@YA_NPEBDPEATCVValue_t@@@Z)".
LINK : warning LNK4286: Символ "V_StringToColor", определенный в "common.obj", импортирован "concommands.obj".
LINK : warning LNK4286: Символ "V_StringToColor", определенный в "common.obj", импортирован "HL2SDK-CS2.lib(convar.obj)".
LINK : warning LNK4217: Символ "V_StringToQAngle", определенный в "common.obj", импортирован "appframework.obj" в функции ""bool __cdecl CvarTypeTrait_StringToValueFn<class QAngle>(char const *,union CVValue_t *)" (??$CvarTypeTrait_StringToValueFn@VQAngle@@@@YA_NPEBDPEATCVValue_t@@@Z)".
LINK : warning LNK4286: Символ "V_StringToQAngle", определенный в "common.obj", импортирован "concommands.obj".
LINK : warning LNK4286: Символ "V_StringToQAngle", определенный в "common.obj", импортирован "HL2SDK-CS2.lib(convar.obj)".
LINK : warning LNK4217: Символ "V_StringToUint64", определенный в "common.obj", импортирован "appframework.obj" в функции ""bool __cdecl CvarTypeTrait_StringToValueFn<unsigned __int64>(char const *,union CVValue_t *)" (??$CvarTypeTrait_StringToValueFn@_K@@YA_NPEBDPEATCVValue_t@@@Z)".
LINK : warning LNK4286: Символ "V_StringToUint64", определенный в "common.obj", импортирован "concommands.obj".
LINK : warning LNK4286: Символ "V_StringToUint64", определенный в "common.obj", импортирован "HL2SDK-CS2.lib(convar.obj)".
LINK : warning LNK4217: Символ "V_StringToInt64", определенный в "common.obj", импортирован "appframework.obj" в функции ""bool __cdecl CvarTypeTrait_StringToValueFn<__int64>(char const *,union CVValue_t *)" (??$CvarTypeTrait_StringToValueFn@_J@@YA_NPEBDPEATCVValue_t@@@Z)".
LINK : warning LNK4286: Символ "V_StringToInt64", определенный в "common.obj", импортирован "concommands.obj".
LINK : warning LNK4286: Символ "V_StringToInt64", определенный в "common.obj", импортирован "HL2SDK-CS2.lib(convar.obj)".
LINK : warning LNK4217: Символ "V_StringToUint32", определенный в "common.obj", импортирован "appframework.obj" в функции ""bool __cdecl CvarTypeTrait_StringToValueFn<unsigned int>(char const *,union CVValue_t *)" (??$CvarTypeTrait_StringToValueFn@I@@YA_NPEBDPEATCVValue_t@@@Z)".
LINK : warning LNK4286: Символ "V_StringToUint32", определенный в "common.obj", импортирован "concommands.obj".
LINK : warning LNK4286: Символ "V_StringToUint32", определенный в "common.obj", импортирован "HL2SDK-CS2.lib(convar.obj)".
LINK : warning LNK4217: Символ "V_StringToInt32", определенный в "common.obj", импортирован "appframework.obj" в функции ""bool __cdecl CvarTypeTrait_StringToValueFn<int>(char const *,union CVValue_t *)" (??$CvarTypeTrait_StringToValueFn@H@@YA_NPEBDPEATCVValue_t@@@Z)".
LINK : warning LNK4286: Символ "V_StringToInt32", определенный в "common.obj", импортирован "concommands.obj".
LINK : warning LNK4286: Символ "V_StringToInt32", определенный в "common.obj", импортирован "HL2SDK-CS2.lib(convar.obj)".
LINK : warning LNK4217: Символ "V_StringToUint16", определенный в "common.obj", импортирован "appframework.obj" в функции ""bool __cdecl CvarTypeTrait_StringToValueFn<unsigned short>(char const *,union CVValue_t *)" (??$CvarTypeTrait_StringToValueFn@G@@YA_NPEBDPEATCVValue_t@@@Z)".
LINK : warning LNK4286: Символ "V_StringToUint16", определенный в "common.obj", импортирован "concommands.obj".
LINK : warning LNK4286: Символ "V_StringToUint16", определенный в "common.obj", импортирован "HL2SDK-CS2.lib(convar.obj)".
LINK : warning LNK4217: Символ "V_StringToInt16", определенный в "common.obj", импортирован "appframework.obj" в функции ""bool __cdecl CvarTypeTrait_StringToValueFn<short>(char const *,union CVValue_t *)" (??$CvarTypeTrait_StringToValueFn@F@@YA_NPEBDPEATCVValue_t@@@Z)".
LINK : warning LNK4286: Символ "V_StringToInt16", определенный в "common.obj", импортирован "concommands.obj".
LINK : warning LNK4286: Символ "V_StringToInt16", определенный в "common.obj", импортирован "HL2SDK-CS2.lib(convar.obj)".
LINK : warning LNK4217: Символ "V_StringToFloat64", определенный в "common.obj", импортирован "appframework.obj" в функции ""bool __cdecl CvarTypeTrait_StringToValueFn<double>(char const *,union CVValue_t *)" (??$CvarTypeTrait_StringToValueFn@N@@YA_NPEBDPEATCVValue_t@@@Z)".
LINK : warning LNK4286: Символ "V_StringToFloat64", определенный в "common.obj", импортирован "concommands.obj".
LINK : warning LNK4286: Символ "V_StringToFloat64", определенный в "common.obj", импортирован "HL2SDK-CS2.lib(convar.obj)".
LINK : warning LNK4217: Символ "V_StringToFloat32", определенный в "common.obj", импортирован "appframework.obj" в функции ""bool __cdecl CvarTypeTrait_StringToValueFn<float>(char const *,union CVValue_t *)" (??$CvarTypeTrait_StringToValueFn@M@@YA_NPEBDPEATCVValue_t@@@Z)".
LINK : warning LNK4286: Символ "V_StringToFloat32", определенный в "common.obj", импортирован "concommands.obj".
LINK : warning LNK4286: Символ "V_StringToFloat32", определенный в "common.obj", импортирован "HL2SDK-CS2.lib(convar.obj)".
LINK : warning LNK4217: Символ "??8CUtlString@@QEBA_NAEBV0@@Z (public: bool __cdecl CUtlString::operator==(class CUtlString const &)const )", определенный в "common.obj", импортирован "appframework.obj" в функции ""bool __cdecl CvarTypeTrait_EqualFn<class CUtlString>(union CVValue_t const *,union CVValue_t const *)" (??$CvarTypeTrait_EqualFn@VCUtlString@@@@YA_NPEBTCVValue_t@@0@Z)".
LINK : warning LNK4286: Символ "??8CUtlString@@QEBA_NAEBV0@@Z (public: bool __cdecl CUtlString::operator==(class CUtlString const &)const )", определенный в "common.obj", импортирован "concommands.obj".
LINK : warning LNK4286: Символ "??8CUtlString@@QEBA_NAEBV0@@Z (public: bool __cdecl CUtlString::operator==(class CUtlString const &)const )", определенный в "common.obj", импортирован "HL2SDK-CS2.lib(convar.obj)".
LINK : warning LNK4217: Символ "?Set@CUtlString@@QEAAXPEBD@Z (public: void __cdecl CUtlString::Set(char const *))", определенный в "common.obj", импортирован "appframework.obj" в функции ""bool __cdecl CvarTypeTrait_StringToValueFn<class CUtlString>(char const *,union CVValue_t *)" (??$CvarTypeTrait_StringToValueFn@VCUtlString@@@@YA_NPEBDPEATCVValue_t@@@Z)".
LINK : warning LNK4286: Символ "?Set@CUtlString@@QEAAXPEBD@Z (public: void __cdecl CUtlString::Set(char const *))", определенный в "common.obj", импортирован "concommands.obj".
LINK : warning LNK4286: Символ "?Set@CUtlString@@QEAAXPEBD@Z (public: void __cdecl CUtlString::Set(char const *))", определенный в "common.obj", импортирован "HL2SDK-CS2.lib(convar.obj)".
LINK : warning LNK4217: Символ "?Purge@CUtlString@@QEAAXXZ (public: void __cdecl CUtlString::Purge(void))", определенный в "common.obj", импортирован "appframework.obj" в функции ""void __cdecl CvarTypeTrait_DestructFn<class CUtlString>(union CVValue_t *)" (??$CvarTypeTrait_DestructFn@VCUtlString@@@@YAXPEATCVValue_t@@@Z)".
LINK : warning LNK4286: Символ "?Purge@CUtlString@@QEAAXXZ (public: void __cdecl CUtlString::Purge(void))", определенный в "common.obj", импортирован "concommands.obj".
LINK : warning LNK4286: Символ "?Purge@CUtlString@@QEAAXXZ (public: void __cdecl CUtlString::Purge(void))", определенный в "common.obj", импортирован "HL2SDK-CS2.lib(convar.obj)".
LINK : warning LNK4217: Символ "?SetDirect@CUtlString@@QEAAXPEBDH@Z (public: void __cdecl CUtlString::SetDirect(char const *,int))", определенный в "common.obj", импортирован "appframework.obj" в функции ""void __cdecl CvarTypeTrait_CopyFn<class CUtlString>(union CVValue_t *,union CVValue_t const &)" (??$CvarTypeTrait_CopyFn@VCUtlString@@@@YAXPEATCVValue_t@@AEBT0@@Z)".
LINK : warning LNK4286: Символ "?SetDirect@CUtlString@@QEAAXPEBDH@Z (public: void __cdecl CUtlString::SetDirect(char const *,int))", определенный в "common.obj", импортирован "concommands.obj".
LINK : warning LNK4286: Символ "?SetDirect@CUtlString@@QEAAXPEBDH@Z (public: void __cdecl CUtlString::SetDirect(char const *,int))", определенный в "common.obj", импортирован "HL2SDK-CS2.lib(convar.obj)".
LINK : warning LNK4217: Символ "?Format@CBufferString@@QEAAHPEBDZZ (public: int __cdecl CBufferString::Format(char const *,...))", определенный в "common.obj", импортирован "appframework.obj" в функции ""void __cdecl CvarTypeTrait_ValueToStringFn<short>(union CVValue_t const *,class CBufferString &)" (??$CvarTypeTrait_ValueToStringFn@F@@YAXPEBTCVValue_t@@AEAVCBufferString@@@Z)".
LINK : warning LNK4286: Символ "?Format@CBufferString@@QEAAHPEBDZZ (public: int __cdecl CBufferString::Format(char const *,...))", определенный в "common.obj", импортирован "concommands.obj".
LINK : warning LNK4286: Символ "?Format@CBufferString@@QEAAHPEBDZZ (public: int __cdecl CBufferString::Format(char const *,...))", определенный в "common.obj", импортирован "HL2SDK-CS2.lib(convar.obj)".
LINK : warning LNK4217: Символ "?Insert@CBufferString@@QEAAPEBDHPEBDH_N@Z (public: char const * __cdecl CBufferString::Insert(int,char const *,int,bool))", определенный в "common.obj", импортирован "appframework.obj" в функции ""void __cdecl CvarTypeTrait_ValueToStringFn<class CUtlString>(union CVValue_t const *,class CBufferString &)" (??$CvarTypeTrait_ValueToStringFn@VCUtlString@@@@YAXPEBTCVValue_t@@AEAVCBufferString@@@Z)".
LINK : warning LNK4286: Символ "?Insert@CBufferString@@QEAAPEBDHPEBDH_N@Z (public: char const * __cdecl CBufferString::Insert(int,char const *,int,bool))", определенный в "common.obj", импортирован "concommands.obj".
LINK : warning LNK4286: Символ "?Insert@CBufferString@@QEAAPEBDHPEBDH_N@Z (public: char const * __cdecl CBufferString::Insert(int,char const *,int,bool))", определенный в "common.obj", импортирован "HL2SDK-CS2.lib(convar.obj)".
LINK : warning LNK4217: Символ "?Purge@CBufferString@@QEAAXH@Z (public: void __cdecl CBufferString::Purge(int))", определенный в "common.obj", импортирован "appframework.obj" в функции ""public: void __cdecl ConVarRefAbstract::SetAs<bool>(bool const &,struct CSplitScreenSlot)" (??$SetAs@_N@ConVarRefAbstract@@QEAAXAEB_NUCSplitScreenSlot@@@Z)".
LINK : warning LNK4286: Символ "?Purge@CBufferString@@QEAAXH@Z (public: void __cdecl CBufferString::Purge(int))", определенный в "common.obj", импортирован "HL2SDK-CS2.lib(convar.obj)".
LINK : warning LNK4217: Символ "Plat_IsInDebugSession", определенный в "common.obj", импортирован "HL2SDK-CS2.lib(convar.obj)" в функции ""void __cdecl ConVar_Register(unsigned __int64,void (__cdecl*)(class ConVarRefAbstract *),void (__cdecl*)(class ConCommandRef *))" (?ConVar_Register@@YAX_KP6AXPEAVConVarRefAbstract@@@ZP6AXPEAVConCommandRef@@@Z@Z)".
LINK : warning LNK4217: Символ "V_stricmp_fast", определенный в "common.obj", импортирован "HL2SDK-CS2.lib(convar.obj)" в функции ""public: int __cdecl CCommand::FindArg(char const *)const " (?FindArg@CCommand@@QEBAHPEBD@Z)".
LINK : warning LNK4217: Символ "V_atoi", определенный в "common.obj", импортирован "HL2SDK-CS2.lib(convar.obj)" в функции ""public: int __cdecl CCommand::FindArgInt(char const *,int)const " (?FindArgInt@CCommand@@QEBAHPEBDH@Z)".
LINK : warning LNK4217: Символ "Warning", определенный в "common.obj", импортирован "HL2SDK-CS2.lib(convar.obj)" в функции ""public: bool __cdecl CCommand::Tokenize(class CUtlString,struct characterset_t *)" (?Tokenize@CCommand@@QEAA_NVCUtlString@@PEAUcharacterset_t@@@Z)".
LINK : warning LNK4217: Символ "?ConMsg@@YAXPEBDZZ (void __cdecl ConMsg(char const *,...))", определенный в "common.obj", импортирован "HL2SDK-CS2.lib(convar.obj)" в функции ""void __cdecl ConVar_PrintDescription(class ConVarRefAbstract const *)" (?ConVar_PrintDescription@@YAXPEBVConVarRefAbstract@@@Z)".
LINK : warning LNK4217: Символ "UtlVectorMemory_CalcNewAllocationCount", определенный в "common.obj", импортирован "HL2SDK-CS2.lib(convar.obj)" в функции ""public: __cdecl CCommand::CCommand(void)" (??0CCommand@@QEAA@XZ)".
LINK : warning LNK4217: Символ "UtlVectorMemory_Alloc", определенный в "common.obj", импортирован "HL2SDK-CS2.lib(convar.obj)" в функции ""public: __cdecl CCommand::CCommand(void)" (??0CCommand@@QEAA@XZ)".
LINK : warning LNK4217: Символ "UtlVectorMemory_FailedAllocation", определенный в "common.obj", импортирован "HL2SDK-CS2.lib(convar.obj)" в функции ""public: __cdecl CCommand::CCommand(void)" (??0CCommand@@QEAA@XZ)".
LINK : warning LNK4217: Символ "?Trim@CUtlString@@QEAAXPEBD@Z (public: void __cdecl CUtlString::Trim(char const *))", определенный в "common.obj", импортирован "HL2SDK-CS2.lib(convar.obj)" в функции ""public: void __cdecl ConVarRefAbstract::Revert(struct CSplitScreenSlot)" (?Revert@ConVarRefAbstract@@QEAAXUCSplitScreenSlot@@@Z)".
LINK : warning LNK4217: Символ "?AppendFormat@CBufferString@@QEAAHPEBDZZ (public: int __cdecl CBufferString::AppendFormat(char const *,...))", определенный в "common.obj", импортирован "HL2SDK-CS2.lib(convar.obj)" в функции ""void __cdecl ConVar_PrintDescription(class ConVarRefAbstract const *)" (?ConVar_PrintDescription@@YAXPEBVConVarRefAbstract@@@Z)".
LINK : warning LNK4217: Символ "??0CUtlBuffer@@QEAA@PEBXHW4BufferFlags_t@0@@Z (public: __cdecl CUtlBuffer::CUtlBuffer(void const *,int,enum CUtlBuffer::BufferFlags_t))", определенный в "common.obj", импортирован "HL2SDK-CS2.lib(convar.obj)" в функции ""public: bool __cdecl CCommand::Tokenize(class CUtlString,struct characterset_t *)" (?Tokenize@CCommand@@QEAA_NVCUtlString@@PEAUcharacterset_t@@@Z)".
LINK : warning LNK4217: Символ "?ParseToken@CUtlBuffer@@QEAAHPEBUcharacterset_t@@PEADH_N@Z (public: int __cdecl CUtlBuffer::ParseToken(struct characterset_t const *,char *,int,bool))", определенный в "common.obj", импортирован "HL2SDK-CS2.lib(convar.obj)" в функции ""public: bool __cdecl CCommand::Tokenize(class CUtlString,struct characterset_t *)" (?Tokenize@CCommand@@QEAA_NVCUtlString@@PEAUcharacterset_t@@@Z)".
LINK : warning LNK4217: Символ "g_pMemAlloc", определенный в "common.obj", импортирован "HL2SDK-CS2.lib(convar.obj)" в функции ""public: __cdecl CUtlLeanVectorBase<unsigned char,int,class CMemAllocAllocator>::~CUtlLeanVectorBase<unsigned char,int,class CMemAllocAllocator>(void)" (??1?$CUtlLeanVectorBase@EHVCMemAllocAllocator@@@@QEAA@XZ)".
LINK : warning LNK4217: Символ "Plat_ExitProcess", определенный в "common.obj", импортирован "interfaces.lib(interfaces.obj)" в функции ""void __cdecl ConnectInterfaces(void * (__cdecl**)(char const *,int *),int)" (?ConnectInterfaces@@YAXPEAP6APEAXPEBDPEAH@ZH@Z)".
  DumpSource2-DOTA.vcxproj -> C:\Users\wetermelonnnnn\DumpSource2\build\Release\DumpSource2-DOTA.exe
